<?xml version="1.0" encoding="UTF-8"?>
<testng-results skipped="0" failed="0" ignored="0" total="1" passed="1">
  <reporter-output>
  </reporter-output>
  <suite name="Default suite" duration-ms="9780" started-at="2017-07-25T16:01:34Z" finished-at="2017-07-25T16:01:44Z">
    <groups>
    </groups>
    <test name="Default test" duration-ms="9780" started-at="2017-07-25T16:01:34Z" finished-at="2017-07-25T16:01:44Z">
      <class name="package1.NewTest">
        <test-method status="PASS" signature="f()[pri:0, instance:package1.NewTest@223f3642]" name="f" duration-ms="9753" started-at="2017-07-25T11:01:35Z" finished-at="2017-07-25T11:01:44Z">
          <reporter-output>
          </reporter-output>
        </test-method> <!-- f -->
      </class> <!-- package1.NewTest -->
    </test> <!-- Default test -->
  </suite> <!-- Default suite -->
</testng-results>
