<?xml version="1.0" encoding="UTF-8"?>
<testng-results skipped="0" failed="0" ignored="0" total="1" passed="1">
  <reporter-output>
  </reporter-output>
  <suite name="Default suite" duration-ms="15970" started-at="2017-07-24T18:53:35Z" finished-at="2017-07-24T18:53:51Z">
    <groups>
    </groups>
    <test name="Default test" duration-ms="15970" started-at="2017-07-24T18:53:35Z" finished-at="2017-07-24T18:53:51Z">
      <class name="package1.NewTest">
        <test-method status="PASS" signature="f()[pri:0, instance:package1.NewTest@42d80b78]" name="f" duration-ms="15941" started-at="2017-07-24T13:53:35Z" finished-at="2017-07-24T13:53:51Z">
          <reporter-output>
          </reporter-output>
        </test-method> <!-- f -->
      </class> <!-- package1.NewTest -->
    </test> <!-- Default test -->
  </suite> <!-- Default suite -->
</testng-results>
